[2020-06-06 20:40:17,345] INFO Starting the log cleaner (kafka.log.LogCleaner)
[2020-06-06 20:40:17,598] INFO [kafka-log-cleaner-thread-0]: Starting (kafka.log.LogCleaner)
[2020-06-06 20:43:49,324] INFO Shutting down the log cleaner. (kafka.log.LogCleaner)
[2020-06-06 20:43:49,325] INFO [kafka-log-cleaner-thread-0]: Shutting down (kafka.log.LogCleaner)
[2020-06-06 20:43:49,326] INFO [kafka-log-cleaner-thread-0]: Stopped (kafka.log.LogCleaner)
[2020-06-06 20:43:49,326] INFO [kafka-log-cleaner-thread-0]: Shutdown completed (kafka.log.LogCleaner)
[2020-06-06 20:43:51,131] INFO Starting the log cleaner (kafka.log.LogCleaner)
[2020-06-06 20:43:51,382] INFO [kafka-log-cleaner-thread-0]: Starting (kafka.log.LogCleaner)
[2020-06-06 20:48:06,505] ERROR Failed to access checkpoint file cleaner-offset-checkpoint in dir /home/amityoshi/forthDimension/logs (kafka.log.LogCleaner)
org.apache.kafka.common.errors.KafkaStorageException: Error while reading checkpoint file /home/amityoshi/forthDimension/logs/cleaner-offset-checkpoint
Caused by: java.nio.file.NoSuchFileException: /home/amityoshi/forthDimension/logs/cleaner-offset-checkpoint
	at java.base/sun.nio.fs.UnixException.translateToIOException(UnixException.java:92)
	at java.base/sun.nio.fs.UnixException.rethrowAsIOException(UnixException.java:111)
	at java.base/sun.nio.fs.UnixException.rethrowAsIOException(UnixException.java:116)
	at java.base/sun.nio.fs.UnixFileSystemProvider.newByteChannel(UnixFileSystemProvider.java:219)
	at java.base/java.nio.file.Files.newByteChannel(Files.java:370)
	at java.base/java.nio.file.Files.newByteChannel(Files.java:421)
	at java.base/java.nio.file.spi.FileSystemProvider.newInputStream(FileSystemProvider.java:420)
	at java.base/java.nio.file.Files.newInputStream(Files.java:155)
	at java.base/java.nio.file.Files.newBufferedReader(Files.java:2838)
	at java.base/java.nio.file.Files.newBufferedReader(Files.java:2870)
	at kafka.server.checkpoints.CheckpointFile.liftedTree2$1(CheckpointFile.scala:87)
	at kafka.server.checkpoints.CheckpointFile.read(CheckpointFile.scala:86)
	at kafka.server.checkpoints.OffsetCheckpointFile.read(OffsetCheckpointFile.scala:61)
	at kafka.log.LogCleanerManager.$anonfun$allCleanerCheckpoints$2(LogCleanerManager.scala:142)
	at scala.collection.Iterator$$anon$10.nextCur(Iterator.scala:583)
	at scala.collection.Iterator$$anon$10.hasNext(Iterator.scala:597)
	at scala.collection.mutable.ListBuffer.addAll(ListBuffer.scala:118)
	at scala.collection.mutable.ListBuffer$.from(ListBuffer.scala:38)
	at scala.collection.immutable.List$.from(List.scala:617)
	at scala.collection.immutable.List$.from(List.scala:611)
	at scala.collection.IterableFactory$Delegate.from(Factory.scala:288)
	at scala.collection.immutable.Iterable$.from(Iterable.scala:35)
	at scala.collection.immutable.Iterable$.from(Iterable.scala:32)
	at scala.collection.IterableFactory$Delegate.from(Factory.scala:288)
	at scala.collection.IterableOps.flatMap(Iterable.scala:674)
	at scala.collection.IterableOps.flatMap$(Iterable.scala:674)
	at scala.collection.AbstractIterable.flatMap(Iterable.scala:921)
	at kafka.log.LogCleanerManager.$anonfun$allCleanerCheckpoints$1(LogCleanerManager.scala:140)
	at kafka.utils.CoreUtils$.inLock(CoreUtils.scala:253)
	at kafka.log.LogCleanerManager.allCleanerCheckpoints(LogCleanerManager.scala:148)
	at kafka.log.LogCleanerManager.$anonfun$grabFilthiestCompactedLog$1(LogCleanerManager.scala:179)
	at kafka.utils.CoreUtils$.inLock(CoreUtils.scala:253)
	at kafka.log.LogCleanerManager.grabFilthiestCompactedLog(LogCleanerManager.scala:176)
	at kafka.log.LogCleaner$CleanerThread.cleanFilthiestLog(LogCleaner.scala:337)
	at kafka.log.LogCleaner$CleanerThread.tryCleanFilthiestLog(LogCleaner.scala:324)
	at kafka.log.LogCleaner$CleanerThread.doWork(LogCleaner.scala:313)
	at kafka.utils.ShutdownableThread.run(ShutdownableThread.scala:96)
[2020-06-06 20:48:42,395] INFO Starting the log cleaner (kafka.log.LogCleaner)
[2020-06-06 20:48:42,663] INFO [kafka-log-cleaner-thread-0]: Starting (kafka.log.LogCleaner)
[2020-06-06 20:48:44,595] INFO Shutting down the log cleaner. (kafka.log.LogCleaner)
[2020-06-06 20:48:44,596] INFO [kafka-log-cleaner-thread-0]: Shutting down (kafka.log.LogCleaner)
[2020-06-06 20:48:44,597] INFO [kafka-log-cleaner-thread-0]: Stopped (kafka.log.LogCleaner)
[2020-06-06 20:48:44,597] INFO [kafka-log-cleaner-thread-0]: Shutdown completed (kafka.log.LogCleaner)
[2020-06-06 20:50:03,350] INFO Starting the log cleaner (kafka.log.LogCleaner)
[2020-06-06 20:50:03,588] INFO [kafka-log-cleaner-thread-0]: Starting (kafka.log.LogCleaner)
[2020-06-06 20:56:00,968] INFO Shutting down the log cleaner. (kafka.log.LogCleaner)
[2020-06-06 20:56:00,970] INFO [kafka-log-cleaner-thread-0]: Shutting down (kafka.log.LogCleaner)
[2020-06-06 20:56:00,972] INFO [kafka-log-cleaner-thread-0]: Stopped (kafka.log.LogCleaner)
[2020-06-06 20:56:00,972] INFO [kafka-log-cleaner-thread-0]: Shutdown completed (kafka.log.LogCleaner)
[2020-06-06 20:56:03,075] INFO Starting the log cleaner (kafka.log.LogCleaner)
[2020-06-06 20:56:03,336] INFO [kafka-log-cleaner-thread-0]: Starting (kafka.log.LogCleaner)
